<?xml version="1.0" encoding="UTF-8"?>
<!-- Generated by org.testng.reporters.JUnitXMLReporter -->
<testsuite hostname="Yogesh-PC" name="Default test" tests="27" failures="0" timestamp="30 Mar 2021 05:10:06 GMT" time="42.586" errors="0">
  <testcase name="Build1URL_Title" time="0.182" classname="com.crm.qa.tests.LoginTests"/>
  <testcase name="Build1_Title" time="0.13" classname="com.crm.qa.tests.LoginTests"/>
  <testcase name="Build2_Title" time="0.082" classname="com.crm.qa.tests.LoginTests"/>
  <testcase name="Email_Title" time="0.125" classname="com.crm.qa.tests.LoginTests"/>
  <testcase name="Email_URL" time="0.138" classname="com.crm.qa.tests.LoginTests"/>
  <testcase name="HotelImage1" time="0.461" classname="com.crm.qa.tests.LoginTests"/>
  <testcase name="HotelImage2" time="0.171" classname="com.crm.qa.tests.LoginTests"/>
  <testcase name="HotelImage3" time="0.111" classname="com.crm.qa.tests.LoginTests"/>
  <testcase name="HotelImage4" time="0.104" classname="com.crm.qa.tests.LoginTests"/>
  <testcase name="InvalideloginTest1" time="1.479" classname="com.crm.qa.tests.LoginTests"/>
  <testcase name="Password_Title" time="0.152" classname="com.crm.qa.tests.LoginTests"/>
  <testcase name="Signup" time="4.193" classname="com.crm.qa.tests.LoginTests"/>
  <testcase name="Signup_Title" time="0.134" classname="com.crm.qa.tests.LoginTests"/>
  <testcase name="Username_Title" time="0.1" classname="com.crm.qa.tests.LoginTests"/>
  <testcase name="ValideloginTest" time="3.526" classname="com.crm.qa.tests.LoginTests"/>
  <testcase name="build_title" time="0.107" classname="com.crm.qa.tests.LoginTests"/>
  <testcase name="footer_Title" time="0.1" classname="com.crm.qa.tests.LoginTests"/>
  <testcase name="forgotPass" time="2.991" classname="com.crm.qa.tests.LoginTests"/>
  <testcase name="forgotten_Title" time="0.107" classname="com.crm.qa.tests.LoginTests"/>
  <testcase name="hotel_URL" time="0.095" classname="com.crm.qa.tests.LoginTests"/>
  <testcase name="loginPageTitleTest" time="0.022" classname="com.crm.qa.tests.LoginTests"/>
  <testcase name="loginTitle" time="0.096" classname="com.crm.qa.tests.LoginTests"/>
  <testcase name="resetPassword" time="3.11" classname="com.crm.qa.tests.LoginTests"/>
  <testcase name="validateHeaderImg" time="0.113" classname="com.crm.qa.tests.LoginTests"/>
  <testcase name="validateImage" time="0.153" classname="com.crm.qa.tests.LoginTests"/>
  <testcase name="validateLOgo1" time="0.084" classname="com.crm.qa.tests.LoginTests"/>
  <testcase name="welcome_Title" time="0.07" classname="com.crm.qa.tests.LoginTests"/>
</testsuite> <!-- Default test -->
