<?xml version="1.0" encoding="UTF-8"?>
<!-- Generated by org.testng.reporters.JUnitXMLReporter -->
<testsuite hostname="HP" failures="1" tests="28" name="Test" time="121.718" errors="0" timestamp="6 Mar 2021 08:55:38 GMT">
  <testcase classname="com.crm.qa.tests.LoginTests" name="Build1URL_Title" time="0.081"/>
  <testcase classname="com.crm.qa.tests.LoginTests" name="Build1_Title" time="0.036"/>
  <testcase classname="com.crm.qa.tests.LoginTests" name="Build2_Title" time="0.045"/>
  <testcase classname="com.crm.qa.tests.LoginTests" name="Email_Title" time="0.034"/>
  <testcase classname="com.crm.qa.tests.LoginTests" name="Email_URL" time="0.034"/>
  <testcase classname="com.crm.qa.tests.LoginTests" name="HotelImage1" time="0.029"/>
  <testcase classname="com.crm.qa.tests.LoginTests" name="HotelImage2" time="0.03"/>
  <testcase classname="com.crm.qa.tests.LoginTests" name="HotelImage3" time="0.027"/>
  <testcase classname="com.crm.qa.tests.LoginTests" name="HotelImage4" time="0.029"/>
  <testcase classname="com.crm.qa.tests.LoginTests" name="InvalideloginTest1" time="17.412"/>
  <testcase classname="com.crm.qa.tests.LoginTests" name="Password_Title" time="0.035"/>
  <testcase classname="com.crm.qa.tests.LoginTests" name="Signup" time="17.336"/>
  <testcase classname="com.crm.qa.tests.LoginTests" name="Signup_Title" time="0.059"/>
  <testcase classname="com.crm.qa.tests.LoginTests" name="Username_Title" time="0.032"/>
  <testcase classname="com.crm.qa.tests.LoginTests" name="ValideloginTest" time="11.731"/>
  <testcase classname="com.crm.qa.tests.LoginTests" name="build_title" time="0.036"/>
  <testcase classname="com.crm.qa.tests.LoginTests" name="footer_Title" time="0.032"/>
  <testcase classname="com.crm.qa.tests.LoginTests" name="forgotPass" time="5.416"/>
  <testcase classname="com.crm.qa.tests.LoginTests" name="forgotten_Title" time="0.053"/>
  <testcase classname="com.crm.qa.tests.LoginTests" name="hotel_URL" time="0.033"/>
  <testcase classname="com.crm.qa.tests.LoginTests" name="loginPageTitleTest" time="0.009"/>
  <testcase classname="com.crm.qa.tests.LoginTests" name="loginTitle" time="0.035"/>
  <testcase classname="com.crm.qa.tests.LoginTests" name="resetPassword" time="5.441"/>
  <testcase classname="com.crm.qa.tests.LoginTests" name="validateHeaderImg" time="0.048"/>
  <testcase classname="com.crm.qa.tests.LoginTests" name="validateImage" time="0.03"/>
  <testcase classname="com.crm.qa.tests.LoginTests" name="validateLOgo1" time="0.029"/>
  <testcase classname="com.crm.qa.tests.LoginTests" name="welcome_Title" time="0.03"/>
  <testcase classname="com.crm.qa.tests.ForgotTest" name="GoBack" time="0.0">
    <failure type="java.lang.NullPointerException">
      <![CDATA[java.lang.NullPointerException
	at com.crm.qa.pages.ForgotPage.GoBackLoginPage(ForgotPage.java:138)
	at com.crm.qa.tests.ForgotTest.GoBack(ForgotTest.java:44)
... Removed 24 stack frames]]>
    </failure>
  </testcase> <!-- GoBack -->
</testsuite> <!-- Test -->
