<?xml version="1.0" encoding="UTF-8"?>
<!-- Generated by org.testng.reporters.JUnitXMLReporter -->
<testsuite hostname="Yogesh-PC" name="Test" tests="27" failures="0" timestamp="27 Mar 2021 11:26:17 GMT" time="0.269" errors="0">
  <testcase name="@BeforeClass setup" time="0.0" classname="com.crm.qa.tests.LoginTests">
    <failure type="java.lang.NullPointerException">
      <![CDATA[java.lang.NullPointerException
	at com.crm.qa.base.TestBase.initialization(TestBase.java:48)
	at com.crm.qa.tests.LoginTests.setup(LoginTests.java:32)
... Removed 25 stack frames]]>
    </failure>
  </testcase> <!-- @BeforeClass setup -->
  <testcase name="@AfterClass teardown" time="0.0" classname="com.crm.qa.tests.LoginTests">
    <skipped/>
  </testcase> <!-- @AfterClass teardown -->
  <testcase name="Build1URL_Title" time="0.004" classname="com.crm.qa.tests.LoginTests">
    <skipped/>
  </testcase> <!-- Build1URL_Title -->
  <testcase name="Build1_Title" time="0.003" classname="com.crm.qa.tests.LoginTests">
    <skipped/>
  </testcase> <!-- Build1_Title -->
  <testcase name="Build2_Title" time="0.002" classname="com.crm.qa.tests.LoginTests">
    <skipped/>
  </testcase> <!-- Build2_Title -->
  <testcase name="Email_Title" time="0.01" classname="com.crm.qa.tests.LoginTests">
    <skipped/>
  </testcase> <!-- Email_Title -->
  <testcase name="Email_URL" time="0.003" classname="com.crm.qa.tests.LoginTests">
    <skipped/>
  </testcase> <!-- Email_URL -->
  <testcase name="HotelImage1" time="0.002" classname="com.crm.qa.tests.LoginTests">
    <skipped/>
  </testcase> <!-- HotelImage1 -->
  <testcase name="HotelImage2" time="0.002" classname="com.crm.qa.tests.LoginTests">
    <skipped/>
  </testcase> <!-- HotelImage2 -->
  <testcase name="HotelImage3" time="0.002" classname="com.crm.qa.tests.LoginTests">
    <skipped/>
  </testcase> <!-- HotelImage3 -->
  <testcase name="HotelImage4" time="0.002" classname="com.crm.qa.tests.LoginTests">
    <skipped/>
  </testcase> <!-- HotelImage4 -->
  <testcase name="InvalideloginTest1" time="0.003" classname="com.crm.qa.tests.LoginTests">
    <skipped/>
  </testcase> <!-- InvalideloginTest1 -->
  <testcase name="Password_Title" time="0.001" classname="com.crm.qa.tests.LoginTests">
    <skipped/>
  </testcase> <!-- Password_Title -->
  <testcase name="Signup" time="0.002" classname="com.crm.qa.tests.LoginTests">
    <skipped/>
  </testcase> <!-- Signup -->
  <testcase name="Signup_Title" time="0.004" classname="com.crm.qa.tests.LoginTests">
    <skipped/>
  </testcase> <!-- Signup_Title -->
  <testcase name="Username_Title" time="0.004" classname="com.crm.qa.tests.LoginTests">
    <skipped/>
  </testcase> <!-- Username_Title -->
  <testcase name="ValideloginTest" time="0.007" classname="com.crm.qa.tests.LoginTests">
    <skipped/>
  </testcase> <!-- ValideloginTest -->
  <testcase name="build_title" time="0.004" classname="com.crm.qa.tests.LoginTests">
    <skipped/>
  </testcase> <!-- build_title -->
  <testcase name="footer_Title" time="0.004" classname="com.crm.qa.tests.LoginTests">
    <skipped/>
  </testcase> <!-- footer_Title -->
  <testcase name="forgotPass" time="0.001" classname="com.crm.qa.tests.LoginTests">
    <skipped/>
  </testcase> <!-- forgotPass -->
  <testcase name="forgotten_Title" time="0.002" classname="com.crm.qa.tests.LoginTests">
    <skipped/>
  </testcase> <!-- forgotten_Title -->
  <testcase name="hotel_URL" time="0.001" classname="com.crm.qa.tests.LoginTests">
    <skipped/>
  </testcase> <!-- hotel_URL -->
  <testcase name="loginPageTitleTest" time="0.002" classname="com.crm.qa.tests.LoginTests">
    <skipped/>
  </testcase> <!-- loginPageTitleTest -->
  <testcase name="loginTitle" time="0.005" classname="com.crm.qa.tests.LoginTests">
    <skipped/>
  </testcase> <!-- loginTitle -->
  <testcase name="resetPassword" time="0.001" classname="com.crm.qa.tests.LoginTests">
    <skipped/>
  </testcase> <!-- resetPassword -->
  <testcase name="validateHeaderImg" time="0.002" classname="com.crm.qa.tests.LoginTests">
    <skipped/>
  </testcase> <!-- validateHeaderImg -->
  <testcase name="validateImage" time="0.004" classname="com.crm.qa.tests.LoginTests">
    <skipped/>
  </testcase> <!-- validateImage -->
  <testcase name="validateLOgo1" time="0.001" classname="com.crm.qa.tests.LoginTests">
    <skipped/>
  </testcase> <!-- validateLOgo1 -->
  <testcase name="welcome_Title" time="0.001" classname="com.crm.qa.tests.LoginTests">
    <skipped/>
  </testcase> <!-- welcome_Title -->
</testsuite> <!-- Test -->
