<?xml version="1.0" encoding="UTF-8"?>
<testng-results skipped="0" failed="0" total="27" passed="27">
  <reporter-output>
  </reporter-output>
  <suite name="Default suite" duration-ms="42586" started-at="2021-03-30T05:09:24Z" finished-at="2021-03-30T05:10:06Z">
    <groups>
    </groups>
    <test name="Default test" duration-ms="42586" started-at="2021-03-30T05:09:24Z" finished-at="2021-03-30T05:10:06Z">
      <class name="com.crm.qa.tests.LoginTests">
        <test-method status="PASS" signature="setup()[pri:0, instance:com.crm.qa.tests.LoginTests@71def8f8]" name="setup" is-config="true" duration-ms="23609" started-at="2021-03-30T10:39:24Z" finished-at="2021-03-30T10:39:47Z">
          <reporter-output>
          </reporter-output>
        </test-method> <!-- setup -->
        <test-method status="PASS" signature="Build1URL_Title()[pri:0, instance:com.crm.qa.tests.LoginTests@71def8f8]" name="Build1URL_Title" duration-ms="182" started-at="2021-03-30T10:39:47Z" finished-at="2021-03-30T10:39:47Z">
          <reporter-output>
          </reporter-output>
        </test-method> <!-- Build1URL_Title -->
        <test-method status="PASS" signature="Build1_Title()[pri:0, instance:com.crm.qa.tests.LoginTests@71def8f8]" name="Build1_Title" duration-ms="130" started-at="2021-03-30T10:39:47Z" finished-at="2021-03-30T10:39:48Z">
          <reporter-output>
          </reporter-output>
        </test-method> <!-- Build1_Title -->
        <test-method status="PASS" signature="Build2_Title()[pri:0, instance:com.crm.qa.tests.LoginTests@71def8f8]" name="Build2_Title" duration-ms="82" started-at="2021-03-30T10:39:48Z" finished-at="2021-03-30T10:39:48Z">
          <reporter-output>
          </reporter-output>
        </test-method> <!-- Build2_Title -->
        <test-method status="PASS" signature="Email_Title()[pri:0, instance:com.crm.qa.tests.LoginTests@71def8f8]" name="Email_Title" duration-ms="125" started-at="2021-03-30T10:39:48Z" finished-at="2021-03-30T10:39:48Z">
          <reporter-output>
          </reporter-output>
        </test-method> <!-- Email_Title -->
        <test-method status="PASS" signature="Email_URL()[pri:0, instance:com.crm.qa.tests.LoginTests@71def8f8]" name="Email_URL" duration-ms="138" started-at="2021-03-30T10:39:48Z" finished-at="2021-03-30T10:39:48Z">
          <reporter-output>
          </reporter-output>
        </test-method> <!-- Email_URL -->
        <test-method status="PASS" signature="HotelImage1()[pri:0, instance:com.crm.qa.tests.LoginTests@71def8f8]" name="HotelImage1" duration-ms="461" started-at="2021-03-30T10:39:48Z" finished-at="2021-03-30T10:39:48Z">
          <reporter-output>
          </reporter-output>
        </test-method> <!-- HotelImage1 -->
        <test-method status="PASS" signature="HotelImage2()[pri:0, instance:com.crm.qa.tests.LoginTests@71def8f8]" name="HotelImage2" duration-ms="171" started-at="2021-03-30T10:39:48Z" finished-at="2021-03-30T10:39:49Z">
          <reporter-output>
          </reporter-output>
        </test-method> <!-- HotelImage2 -->
        <test-method status="PASS" signature="HotelImage3()[pri:0, instance:com.crm.qa.tests.LoginTests@71def8f8]" name="HotelImage3" duration-ms="111" started-at="2021-03-30T10:39:49Z" finished-at="2021-03-30T10:39:49Z">
          <reporter-output>
          </reporter-output>
        </test-method> <!-- HotelImage3 -->
        <test-method status="PASS" signature="HotelImage4()[pri:0, instance:com.crm.qa.tests.LoginTests@71def8f8]" name="HotelImage4" duration-ms="104" started-at="2021-03-30T10:39:49Z" finished-at="2021-03-30T10:39:49Z">
          <reporter-output>
          </reporter-output>
        </test-method> <!-- HotelImage4 -->
        <test-method status="PASS" signature="InvalideloginTest1()[pri:0, instance:com.crm.qa.tests.LoginTests@71def8f8]" name="InvalideloginTest1" duration-ms="1479" started-at="2021-03-30T10:39:49Z" finished-at="2021-03-30T10:39:50Z">
          <reporter-output>
          </reporter-output>
        </test-method> <!-- InvalideloginTest1 -->
        <test-method status="PASS" signature="Password_Title()[pri:0, instance:com.crm.qa.tests.LoginTests@71def8f8]" name="Password_Title" duration-ms="152" started-at="2021-03-30T10:39:50Z" finished-at="2021-03-30T10:39:50Z">
          <reporter-output>
          </reporter-output>
        </test-method> <!-- Password_Title -->
        <test-method status="PASS" signature="Signup()[pri:0, instance:com.crm.qa.tests.LoginTests@71def8f8]" name="Signup" duration-ms="4193" started-at="2021-03-30T10:39:50Z" finished-at="2021-03-30T10:39:55Z">
          <reporter-output>
          </reporter-output>
        </test-method> <!-- Signup -->
        <test-method status="PASS" signature="Signup_Title()[pri:0, instance:com.crm.qa.tests.LoginTests@71def8f8]" name="Signup_Title" duration-ms="134" started-at="2021-03-30T10:39:55Z" finished-at="2021-03-30T10:39:55Z">
          <reporter-output>
          </reporter-output>
        </test-method> <!-- Signup_Title -->
        <test-method status="PASS" signature="Username_Title()[pri:0, instance:com.crm.qa.tests.LoginTests@71def8f8]" name="Username_Title" duration-ms="100" started-at="2021-03-30T10:39:55Z" finished-at="2021-03-30T10:39:55Z">
          <reporter-output>
          </reporter-output>
        </test-method> <!-- Username_Title -->
        <test-method status="PASS" signature="ValideloginTest()[pri:0, instance:com.crm.qa.tests.LoginTests@71def8f8]" name="ValideloginTest" duration-ms="3526" started-at="2021-03-30T10:39:55Z" finished-at="2021-03-30T10:39:58Z">
          <reporter-output>
          </reporter-output>
        </test-method> <!-- ValideloginTest -->
        <test-method status="PASS" signature="build_title()[pri:0, instance:com.crm.qa.tests.LoginTests@71def8f8]" name="build_title" duration-ms="107" started-at="2021-03-30T10:39:58Z" finished-at="2021-03-30T10:39:59Z">
          <reporter-output>
          </reporter-output>
        </test-method> <!-- build_title -->
        <test-method status="PASS" signature="footer_Title()[pri:0, instance:com.crm.qa.tests.LoginTests@71def8f8]" name="footer_Title" duration-ms="100" started-at="2021-03-30T10:39:59Z" finished-at="2021-03-30T10:39:59Z">
          <reporter-output>
          </reporter-output>
        </test-method> <!-- footer_Title -->
        <test-method status="PASS" signature="forgotPass()[pri:0, instance:com.crm.qa.tests.LoginTests@71def8f8]" name="forgotPass" duration-ms="2991" started-at="2021-03-30T10:39:59Z" finished-at="2021-03-30T10:40:02Z">
          <reporter-output>
          </reporter-output>
        </test-method> <!-- forgotPass -->
        <test-method status="PASS" signature="forgotten_Title()[pri:0, instance:com.crm.qa.tests.LoginTests@71def8f8]" name="forgotten_Title" duration-ms="107" started-at="2021-03-30T10:40:02Z" finished-at="2021-03-30T10:40:02Z">
          <reporter-output>
          </reporter-output>
        </test-method> <!-- forgotten_Title -->
        <test-method status="PASS" signature="hotel_URL()[pri:0, instance:com.crm.qa.tests.LoginTests@71def8f8]" name="hotel_URL" duration-ms="95" started-at="2021-03-30T10:40:02Z" finished-at="2021-03-30T10:40:02Z">
          <reporter-output>
          </reporter-output>
        </test-method> <!-- hotel_URL -->
        <test-method status="PASS" signature="loginPageTitleTest()[pri:0, instance:com.crm.qa.tests.LoginTests@71def8f8]" name="loginPageTitleTest" duration-ms="22" started-at="2021-03-30T10:40:02Z" finished-at="2021-03-30T10:40:02Z">
          <reporter-output>
          </reporter-output>
        </test-method> <!-- loginPageTitleTest -->
        <test-method status="PASS" signature="loginTitle()[pri:0, instance:com.crm.qa.tests.LoginTests@71def8f8]" name="loginTitle" duration-ms="96" started-at="2021-03-30T10:40:02Z" finished-at="2021-03-30T10:40:02Z">
          <reporter-output>
          </reporter-output>
        </test-method> <!-- loginTitle -->
        <test-method status="PASS" signature="resetPassword()[pri:0, instance:com.crm.qa.tests.LoginTests@71def8f8]" name="resetPassword" duration-ms="3110" started-at="2021-03-30T10:40:02Z" finished-at="2021-03-30T10:40:05Z">
          <reporter-output>
          </reporter-output>
        </test-method> <!-- resetPassword -->
        <test-method status="PASS" signature="validateHeaderImg()[pri:0, instance:com.crm.qa.tests.LoginTests@71def8f8]" name="validateHeaderImg" duration-ms="113" started-at="2021-03-30T10:40:05Z" finished-at="2021-03-30T10:40:05Z">
          <reporter-output>
          </reporter-output>
        </test-method> <!-- validateHeaderImg -->
        <test-method status="PASS" signature="validateImage()[pri:0, instance:com.crm.qa.tests.LoginTests@71def8f8]" name="validateImage" duration-ms="153" started-at="2021-03-30T10:40:05Z" finished-at="2021-03-30T10:40:05Z">
          <reporter-output>
          </reporter-output>
        </test-method> <!-- validateImage -->
        <test-method status="PASS" signature="validateLOgo1()[pri:0, instance:com.crm.qa.tests.LoginTests@71def8f8]" name="validateLOgo1" duration-ms="84" started-at="2021-03-30T10:40:05Z" finished-at="2021-03-30T10:40:05Z">
          <reporter-output>
          </reporter-output>
        </test-method> <!-- validateLOgo1 -->
        <test-method status="PASS" signature="welcome_Title()[pri:0, instance:com.crm.qa.tests.LoginTests@71def8f8]" name="welcome_Title" duration-ms="70" started-at="2021-03-30T10:40:05Z" finished-at="2021-03-30T10:40:06Z">
          <reporter-output>
          </reporter-output>
        </test-method> <!-- welcome_Title -->
        <test-method status="PASS" signature="teardown()[pri:0, instance:com.crm.qa.tests.LoginTests@71def8f8]" name="teardown" is-config="true" duration-ms="691" started-at="2021-03-30T10:40:06Z" finished-at="2021-03-30T10:40:06Z">
          <reporter-output>
          </reporter-output>
        </test-method> <!-- teardown -->
      </class> <!-- com.crm.qa.tests.LoginTests -->
    </test> <!-- Default test -->
  </suite> <!-- Default suite -->
</testng-results>
